# JRE version: OpenJDK Runtime Environment (7.0_85-b01) (build 1.7.0_85-b01)
# Java VM: OpenJDK 64-Bit Server VM (24.85-b03 mixed mode linux-amd64 )
Heap
 PSYoungGen      total 1027584K, used 955855K [0x00007f1b75000000, 0x00007f1bc4e80000, 0x00007f26b5000000)
  eden space 777728K, 100% used [0x00007f1b75000000,0x00007f1ba4780000,0x00007f1ba4780000)
  from space 249856K, 71% used [0x00007f1bb5180000,0x00007f1bbff73ce8,0x00007f1bc4580000)
  to   space 265728K, 33% used [0x00007f1ba4780000,0x00007f1ba9db79f8,0x00007f1bb4b00000)
 ParOldGen       total 739840K, used 578027K [0x00007f04f5000000, 0x00007f0522280000, 0x00007f1b75000000)
  object space 739840K, 78% used [0x00007f04f5000000,0x00007f051847aed8,0x00007f0522280000)
 PSPermGen       total 21504K, used 6550K [0x00007f04eaa00000, 0x00007f04ebf00000, 0x00007f04f5000000)
  object space 21504K, 30% used [0x00007f04eaa00000,0x00007f04eb065830,0x00007f04ebf00000)
GC Heap History (10 events):
Event: 14.041 GC heap after
Heap after GC invocations=16 (full 3):
 PSYoungGen      total 637440K, used 124908K [0x00007f1b75000000, 0x00007f1bb0080000, 0x00007f26b5000000)
  eden space 512512K, 0% used [0x00007f1b75000000,0x00007f1b75000000,0x00007f1b94480000)
  from space 124928K, 99% used [0x00007f1b94480000,0x00007f1b9be7b118,0x00007f1b9be80000)
  to   space 165888K, 0% used [0x00007f1ba5e80000,0x00007f1ba5e80000,0x00007f1bb0080000)
 ParOldGen       total 488448K, used 358003K [0x00007f04f5000000, 0x00007f0512d00000, 0x00007f1b75000000)
  object space 488448K, 73% used [0x00007f04f5000000,0x00007f050ad9cd88,0x00007f0512d00000)
 PSPermGen       total 21504K, used 6459K [0x00007f04eaa00000, 0x00007f04ebf00000, 0x00007f04f5000000)
  object space 21504K, 30% used [0x00007f04eaa00000,0x00007f04eb04ec28,0x00007f04ebf00000)
}
Event: 14.720 GC heap before
{Heap before GC invocations=17 (full 3):
 PSYoungGen      total 637440K, used 637420K [0x00007f1b75000000, 0x00007f1bb0080000, 0x00007f26b5000000)
  eden space 512512K, 100% used [0x00007f1b75000000,0x00007f1b94480000,0x00007f1b94480000)
  from space 124928K, 99% used [0x00007f1b94480000,0x00007f1b9be7b118,0x00007f1b9be80000)
  to   space 165888K, 0% used [0x00007f1ba5e80000,0x00007f1ba5e80000,0x00007f1bb0080000)
 ParOldGen       total 488448K, used 358003K [0x00007f04f5000000, 0x00007f0512d00000, 0x00007f1b75000000)
  object space 488448K, 73% used [0x00007f04f5000000,0x00007f050ad9cd88,0x00007f0512d00000)
 PSPermGen       total 21504K, used 6517K [0x00007f04eaa00000, 0x00007f04ebf00000, 0x00007f04f5000000)
  object space 21504K, 30% used [0x00007f04eaa00000,0x00007f04eb05d738,0x00007f04ebf00000)
Event: 14.994 GC heap after
Heap after GC invocations=17 (full 3):
 PSYoungGen      total 774144K, used 163936K [0x00007f1b75000000, 0x00007f1bb4c80000, 0x00007f26b5000000)
  eden space 608256K, 0% used [0x00007f1b75000000,0x00007f1b75000000,0x00007f1b9a200000)
  from space 165888K, 98% used [0x00007f1ba5e80000,0x00007f1bafe980a8,0x00007f1bb0080000)
  to   space 193024K, 0% used [0x00007f1b9a200000,0x00007f1b9a200000,0x00007f1ba5e80000)
 ParOldGen       total 488448K, used 404757K [0x00007f04f5000000, 0x00007f0512d00000, 0x00007f1b75000000)
  object space 488448K, 82% used [0x00007f04f5000000,0x00007f050db455e0,0x00007f0512d00000)
 PSPermGen       total 21504K, used 6517K [0x00007f04eaa00000, 0x00007f04ebf00000, 0x00007f04f5000000)
  object space 21504K, 30% used [0x00007f04eaa00000,0x00007f04eb05d738,0x00007f04ebf00000)
}
Event: 15.637 GC heap before
{Heap before GC invocations=18 (full 3):
 PSYoungGen      total 774144K, used 772192K [0x00007f1b75000000, 0x00007f1bb4c80000, 0x00007f26b5000000)
  eden space 608256K, 100% used [0x00007f1b75000000,0x00007f1b9a200000,0x00007f1b9a200000)
  from space 165888K, 98% used [0x00007f1ba5e80000,0x00007f1bafe980a8,0x00007f1bb0080000)
  to   space 193024K, 0% used [0x00007f1b9a200000,0x00007f1b9a200000,0x00007f1ba5e80000)
 ParOldGen       total 488448K, used 404757K [0x00007f04f5000000, 0x00007f0512d00000, 0x00007f1b75000000)
  object space 488448K, 82% used [0x00007f04f5000000,0x00007f050db455e0,0x00007f0512d00000)
 PSPermGen       total 21504K, used 6528K [0x00007f04eaa00000, 0x00007f04ebf00000, 0x00007f04f5000000)
  object space 21504K, 30% used [0x00007f04eaa00000,0x00007f04eb060130,0x00007f04ebf00000)
Event: 15.916 GC heap after
Heap after GC invocations=18 (full 3):
 PSYoungGen      total 801280K, used 193019K [0x00007f1b75000000, 0x00007f1bc4580000, 0x00007f26b5000000)
  eden space 608256K, 0% used [0x00007f1b75000000,0x00007f1b75000000,0x00007f1b9a200000)
  from space 193024K, 99% used [0x00007f1b9a200000,0x00007f1ba5e7efd0,0x00007f1ba5e80000)
  to   space 249856K, 0% used [0x00007f1bb5180000,0x00007f1bb5180000,0x00007f1bc4580000)
 ParOldGen       total 488448K, used 471499K [0x00007f04f5000000, 0x00007f0512d00000, 0x00007f1b75000000)
  object space 488448K, 96% used [0x00007f04f5000000,0x00007f0511c72c70,0x00007f0512d00000)
 PSPermGen       total 21504K, used 6528K [0x00007f04eaa00000, 0x00007f04ebf00000, 0x00007f04f5000000)
  object space 21504K, 30% used [0x00007f04eaa00000,0x00007f04eb060130,0x00007f04ebf00000)
}
Event: 15.916 GC heap before
{Heap before GC invocations=19 (full 4):
 PSYoungGen      total 801280K, used 193019K [0x00007f1b75000000, 0x00007f1bc4580000, 0x00007f26b5000000)
  eden space 608256K, 0% used [0x00007f1b75000000,0x00007f1b75000000,0x00007f1b9a200000)
  from space 193024K, 99% used [0x00007f1b9a200000,0x00007f1ba5e7efd0,0x00007f1ba5e80000)
  to   space 249856K, 0% used [0x00007f1bb5180000,0x00007f1bb5180000,0x00007f1bc4580000)
 ParOldGen       total 488448K, used 471499K [0x00007f04f5000000, 0x00007f0512d00000, 0x00007f1b75000000)
  object space 488448K, 96% used [0x00007f04f5000000,0x00007f0511c72c70,0x00007f0512d00000)
 PSPermGen       total 21504K, used 6528K [0x00007f04eaa00000, 0x00007f04ebf00000, 0x00007f04f5000000)
  object space 21504K, 30% used [0x00007f04eaa00000,0x00007f04eb060130,0x00007f04ebf00000)
Event: 17.515 GC heap after
Heap after GC invocations=19 (full 4):
 PSYoungGen      total 801280K, used 168145K [0x00007f1b75000000, 0x00007f1bc4580000, 0x00007f26b5000000)
  eden space 608256K, 0% used [0x00007f1b75000000,0x00007f1b75000000,0x00007f1b9a200000)
  from space 193024K, 87% used [0x00007f1b9a200000,0x00007f1ba4634438,0x00007f1ba5e80000)
  to   space 249856K, 0% used [0x00007f1bb5180000,0x00007f1bb5180000,0x00007f1bc4580000)
 ParOldGen       total 739840K, used 488161K [0x00007f04f5000000, 0x00007f0522280000, 0x00007f1b75000000)
  object space 739840K, 65% used [0x00007f04f5000000,0x00007f0512cb86c0,0x00007f0522280000)
 PSPermGen       total 21504K, used 6527K [0x00007f04eaa00000, 0x00007f04ebf00000, 0x00007f04f5000000)
  object space 21504K, 30% used [0x00007f04eaa00000,0x00007f04eb05fed0,0x00007f04ebf00000)
}
Event: 18.033 GC heap before
{Heap before GC invocations=20 (full 4):
 PSYoungGen      total 801280K, used 776401K [0x00007f1b75000000, 0x00007f1bc4580000, 0x00007f26b5000000)
  eden space 608256K, 100% used [0x00007f1b75000000,0x00007f1b9a200000,0x00007f1b9a200000)
  from space 193024K, 87% used [0x00007f1b9a200000,0x00007f1ba4634438,0x00007f1ba5e80000)
  to   space 249856K, 0% used [0x00007f1bb5180000,0x00007f1bb5180000,0x00007f1bc4580000)
 ParOldGen       total 739840K, used 488161K [0x00007f04f5000000, 0x00007f0522280000, 0x00007f1b75000000)
  object space 739840K, 65% used [0x00007f04f5000000,0x00007f0512cb86c0,0x00007f0522280000)
 PSPermGen       total 21504K, used 6530K [0x00007f04eaa00000, 0x00007f04ebf00000, 0x00007f04f5000000)
  object space 21504K, 30% used [0x00007f04eaa00000,0x00007f04eb060a48,0x00007f04ebf00000)
Event: 18.449 GC heap after
Heap after GC invocations=20 (full 4):
 PSYoungGen      total 1027584K, used 178127K [0x00007f1b75000000, 0x00007f1bc4e80000, 0x00007f26b5000000)
  eden space 777728K, 0% used [0x00007f1b75000000,0x00007f1b75000000,0x00007f1ba4780000)
  from space 249856K, 71% used [0x00007f1bb5180000,0x00007f1bbff73ce8,0x00007f1bc4580000)
  to   space 265728K, 0% used [0x00007f1ba4780000,0x00007f1ba4780000,0x00007f1bb4b00000)
 ParOldGen       total 739840K, used 578027K [0x00007f04f5000000, 0x00007f0522280000, 0x00007f1b75000000)
  object space 739840K, 78% used [0x00007f04f5000000,0x00007f051847aed8,0x00007f0522280000)
 PSPermGen       total 21504K, used 6530K [0x00007f04eaa00000, 0x00007f04ebf00000, 0x00007f04f5000000)
  object space 21504K, 30% used [0x00007f04eaa00000,0x00007f04eb060a48,0x00007f04ebf00000)
}
Event: 19.202 GC heap before
{Heap before GC invocations=21 (full 4):
 PSYoungGen      total 1027584K, used 955855K [0x00007f1b75000000, 0x00007f1bc4e80000, 0x00007f26b5000000)
  eden space 777728K, 100% used [0x00007f1b75000000,0x00007f1ba4780000,0x00007f1ba4780000)
  from space 249856K, 71% used [0x00007f1bb5180000,0x00007f1bbff73ce8,0x00007f1bc4580000)
  to   space 265728K, 0% used [0x00007f1ba4780000,0x00007f1ba4780000,0x00007f1bb4b00000)
 ParOldGen       total 739840K, used 578027K [0x00007f04f5000000, 0x00007f0522280000, 0x00007f1b75000000)
  object space 739840K, 78% used [0x00007f04f5000000,0x00007f051847aed8,0x00007f0522280000)
 PSPermGen       total 21504K, used 6550K [0x00007f04eaa00000, 0x00007f04ebf00000, 0x00007f04f5000000)
  object space 21504K, 30% used [0x00007f04eaa00000,0x00007f04eb065830,0x00007f04ebf00000)

