# JRE version: OpenJDK Runtime Environment (7.0_85-b01) (build 1.7.0_85-b01)
# Java VM: OpenJDK 64-Bit Server VM (24.85-b03 mixed mode linux-amd64 )
Heap
 PSYoungGen      total 576512K, used 576497K [0x00007f2cd1000000, 0x00007f2d04600000, 0x00007f3811000000)
  eden space 482816K, 100% used [0x00007f2cd1000000,0x00007f2cee780000,0x00007f2cee780000)
  from space 93696K, 99% used [0x00007f2cf5a80000,0x00007f2cfb5fc5b0,0x00007f2cfb600000)
  to   space 117760K, 12% used [0x00007f2cee780000,0x00007f2cef614188,0x00007f2cf5a80000)
 ParOldGen       total 281088K, used 224563K [0x00007f1651000000, 0x00007f1662280000, 0x00007f2cd1000000)
  object space 281088K, 79% used [0x00007f1651000000,0x00007f165eb4cd50,0x00007f1662280000)
 PSPermGen       total 21504K, used 6435K [0x00007f1646a00000, 0x00007f1647f00000, 0x00007f1651000000)
  object space 21504K, 29% used [0x00007f1646a00000,0x00007f1647048f20,0x00007f1647f00000)
GC Heap History (10 events):
Event: 11.094 GC heap after
Heap after GC invocations=8 (full 1):
 PSYoungGen      total 281088K, used 24452K [0x00007f2cd1000000, 0x00007f2cf5d00000, 0x00007f3811000000)
  eden space 250368K, 0% used [0x00007f2cd1000000,0x00007f2cd1000000,0x00007f2ce0480000)
  from space 30720K, 79% used [0x00007f2ce0480000,0x00007f2ce1c612d0,0x00007f2ce2280000)
  to   space 51200K, 0% used [0x00007f2cf2b00000,0x00007f2cf2b00000,0x00007f2cf5d00000)
 ParOldGen       total 163328K, used 83638K [0x00007f1651000000, 0x00007f165af80000, 0x00007f2cd1000000)
  object space 163328K, 51% used [0x00007f1651000000,0x00007f16561ad880,0x00007f165af80000)
 PSPermGen       total 21504K, used 6378K [0x00007f1646a00000, 0x00007f1647f00000, 0x00007f1651000000)
  object space 21504K, 29% used [0x00007f1646a00000,0x00007f164703ab68,0x00007f1647f00000)
}
Event: 12.657 GC heap before
{Heap before GC invocations=9 (full 1):
 PSYoungGen      total 281088K, used 274820K [0x00007f2cd1000000, 0x00007f2cf5d00000, 0x00007f3811000000)
  eden space 250368K, 100% used [0x00007f2cd1000000,0x00007f2ce0480000,0x00007f2ce0480000)
  from space 30720K, 79% used [0x00007f2ce0480000,0x00007f2ce1c612d0,0x00007f2ce2280000)
  to   space 51200K, 0% used [0x00007f2cf2b00000,0x00007f2cf2b00000,0x00007f2cf5d00000)
 ParOldGen       total 163328K, used 83638K [0x00007f1651000000, 0x00007f165af80000, 0x00007f2cd1000000)
  object space 163328K, 51% used [0x00007f1651000000,0x00007f16561ad880,0x00007f165af80000)
 PSPermGen       total 21504K, used 6385K [0x00007f1646a00000, 0x00007f1647f00000, 0x00007f1651000000)
  object space 21504K, 29% used [0x00007f1646a00000,0x00007f164703c528,0x00007f1647f00000)
Event: 12.798 GC heap after
Heap after GC invocations=9 (full 1):
 PSYoungGen      total 420352K, used 51169K [0x00007f2cd1000000, 0x00007f2cf5d00000, 0x00007f3811000000)
  eden space 369152K, 0% used [0x00007f2cd1000000,0x00007f2cd1000000,0x00007f2ce7880000)
  from space 51200K, 99% used [0x00007f2cf2b00000,0x00007f2cf5cf8548,0x00007f2cf5d00000)
  to   space 64512K, 0% used [0x00007f2cedf00000,0x00007f2cedf00000,0x00007f2cf1e00000)
 ParOldGen       total 163328K, used 94126K [0x00007f1651000000, 0x00007f165af80000, 0x00007f2cd1000000)
  object space 163328K, 57% used [0x00007f1651000000,0x00007f1656bebba0,0x00007f165af80000)
 PSPermGen       total 21504K, used 6385K [0x00007f1646a00000, 0x00007f1647f00000, 0x00007f1651000000)
  object space 21504K, 29% used [0x00007f1646a00000,0x00007f164703c528,0x00007f1647f00000)
}
Event: 13.794 GC heap before
{Heap before GC invocations=10 (full 1):
 PSYoungGen      total 420352K, used 420321K [0x00007f2cd1000000, 0x00007f2cf5d00000, 0x00007f3811000000)
  eden space 369152K, 100% used [0x00007f2cd1000000,0x00007f2ce7880000,0x00007f2ce7880000)
  from space 51200K, 99% used [0x00007f2cf2b00000,0x00007f2cf5cf8548,0x00007f2cf5d00000)
  to   space 64512K, 0% used [0x00007f2cedf00000,0x00007f2cedf00000,0x00007f2cf1e00000)
 ParOldGen       total 163328K, used 94126K [0x00007f1651000000, 0x00007f165af80000, 0x00007f2cd1000000)
  object space 163328K, 57% used [0x00007f1651000000,0x00007f1656bebba0,0x00007f165af80000)
 PSPermGen       total 21504K, used 6395K [0x00007f1646a00000, 0x00007f1647f00000, 0x00007f1651000000)
  object space 21504K, 29% used [0x00007f1646a00000,0x00007f164703eed8,0x00007f1647f00000)
Event: 14.031 GC heap after
Heap after GC invocations=10 (full 1):
 PSYoungGen      total 538624K, used 64498K [0x00007f2cd1000000, 0x00007f2cfb600000, 0x00007f3811000000)
  eden space 474112K, 0% used [0x00007f2cd1000000,0x00007f2cd1000000,0x00007f2cedf00000)
  from space 64512K, 99% used [0x00007f2cedf00000,0x00007f2cf1dfca50,0x00007f2cf1e00000)
  to   space 93696K, 0% used [0x00007f2cf5a80000,0x00007f2cf5a80000,0x00007f2cfb600000)
 ParOldGen       total 163328K, used 139040K [0x00007f1651000000, 0x00007f165af80000, 0x00007f2cd1000000)
  object space 163328K, 85% used [0x00007f1651000000,0x00007f16597c80b0,0x00007f165af80000)
 PSPermGen       total 21504K, used 6395K [0x00007f1646a00000, 0x00007f1647f00000, 0x00007f1651000000)
  object space 21504K, 29% used [0x00007f1646a00000,0x00007f164703eed8,0x00007f1647f00000)
}
Event: 14.032 GC heap before
{Heap before GC invocations=11 (full 2):
 PSYoungGen      total 538624K, used 64498K [0x00007f2cd1000000, 0x00007f2cfb600000, 0x00007f3811000000)
  eden space 474112K, 0% used [0x00007f2cd1000000,0x00007f2cd1000000,0x00007f2cedf00000)
  from space 64512K, 99% used [0x00007f2cedf00000,0x00007f2cf1dfca50,0x00007f2cf1e00000)
  to   space 93696K, 0% used [0x00007f2cf5a80000,0x00007f2cf5a80000,0x00007f2cfb600000)
 ParOldGen       total 163328K, used 139040K [0x00007f1651000000, 0x00007f165af80000, 0x00007f2cd1000000)
  object space 163328K, 85% used [0x00007f1651000000,0x00007f16597c80b0,0x00007f165af80000)
 PSPermGen       total 21504K, used 6395K [0x00007f1646a00000, 0x00007f1647f00000, 0x00007f1651000000)
  object space 21504K, 29% used [0x00007f1646a00000,0x00007f164703eed8,0x00007f1647f00000)
Event: 14.649 GC heap after
Heap after GC invocations=11 (full 2):
 PSYoungGen      total 538624K, used 36172K [0x00007f2cd1000000, 0x00007f2cfb600000, 0x00007f3811000000)
  eden space 474112K, 0% used [0x00007f2cd1000000,0x00007f2cd1000000,0x00007f2cedf00000)
  from space 64512K, 56% used [0x00007f2cedf00000,0x00007f2cf0253188,0x00007f2cf1e00000)
  to   space 93696K, 0% used [0x00007f2cf5a80000,0x00007f2cf5a80000,0x00007f2cfb600000)
 ParOldGen       total 281088K, used 162934K [0x00007f1651000000, 0x00007f1662280000, 0x00007f2cd1000000)
  object space 281088K, 57% used [0x00007f1651000000,0x00007f165af1dbc8,0x00007f1662280000)
 PSPermGen       total 21504K, used 6394K [0x00007f1646a00000, 0x00007f1647f00000, 0x00007f1651000000)
  object space 21504K, 29% used [0x00007f1646a00000,0x00007f164703ea58,0x00007f1647f00000)
}
Event: 15.678 GC heap before
{Heap before GC invocations=12 (full 2):
 PSYoungGen      total 538624K, used 510284K [0x00007f2cd1000000, 0x00007f2cfb600000, 0x00007f3811000000)
  eden space 474112K, 100% used [0x00007f2cd1000000,0x00007f2cedf00000,0x00007f2cedf00000)
  from space 64512K, 56% used [0x00007f2cedf00000,0x00007f2cf0253188,0x00007f2cf1e00000)
  to   space 93696K, 0% used [0x00007f2cf5a80000,0x00007f2cf5a80000,0x00007f2cfb600000)
 ParOldGen       total 281088K, used 162934K [0x00007f1651000000, 0x00007f1662280000, 0x00007f2cd1000000)
  object space 281088K, 57% used [0x00007f1651000000,0x00007f165af1dbc8,0x00007f1662280000)
 PSPermGen       total 21504K, used 6416K [0x00007f1646a00000, 0x00007f1647f00000, 0x00007f1651000000)
  object space 21504K, 29% used [0x00007f1646a00000,0x00007f1647044158,0x00007f1647f00000)
Event: 15.947 GC heap after
Heap after GC invocations=12 (full 2):
 PSYoungGen      total 576512K, used 93681K [0x00007f2cd1000000, 0x00007f2d04600000, 0x00007f3811000000)
  eden space 482816K, 0% used [0x00007f2cd1000000,0x00007f2cd1000000,0x00007f2cee780000)
  from space 93696K, 99% used [0x00007f2cf5a80000,0x00007f2cfb5fc5b0,0x00007f2cfb600000)
  to   space 117760K, 0% used [0x00007f2cee780000,0x00007f2cee780000,0x00007f2cf5a80000)
 ParOldGen       total 281088K, used 186007K [0x00007f1651000000, 0x00007f1662280000, 0x00007f2cd1000000)
  object space 281088K, 66% used [0x00007f1651000000,0x00007f165c5a5f58,0x00007f1662280000)
 PSPermGen       total 21504K, used 6416K [0x00007f1646a00000, 0x00007f1647f00000, 0x00007f1651000000)
  object space 21504K, 29% used [0x00007f1646a00000,0x00007f1647044158,0x00007f1647f00000)
}
Event: 16.947 GC heap before
{Heap before GC invocations=13 (full 2):
 PSYoungGen      total 576512K, used 576497K [0x00007f2cd1000000, 0x00007f2d04600000, 0x00007f3811000000)
  eden space 482816K, 100% used [0x00007f2cd1000000,0x00007f2cee780000,0x00007f2cee780000)
  from space 93696K, 99% used [0x00007f2cf5a80000,0x00007f2cfb5fc5b0,0x00007f2cfb600000)
  to   space 117760K, 0% used [0x00007f2cee780000,0x00007f2cee780000,0x00007f2cf5a80000)
 ParOldGen       total 281088K, used 186007K [0x00007f1651000000, 0x00007f1662280000, 0x00007f2cd1000000)
  object space 281088K, 66% used [0x00007f1651000000,0x00007f165c5a5f58,0x00007f1662280000)
 PSPermGen       total 21504K, used 6435K [0x00007f1646a00000, 0x00007f1647f00000, 0x00007f1651000000)
  object space 21504K, 29% used [0x00007f1646a00000,0x00007f1647048f20,0x00007f1647f00000)

