# JRE version: OpenJDK Runtime Environment (7.0_85-b01) (build 1.7.0_85-b01)
# Java VM: OpenJDK 64-Bit Server VM (24.85-b03 mixed mode linux-amd64 )
Heap
 PSYoungGen      total 1364992K, used 1331269K [0x00007f7ae5000000, 0x00007f7b51380000, 0x00007f8625000000)
  eden space 1069056K, 100% used [0x00007f7ae5000000,0x00007f7b26400000,0x00007f7b26400000)
  from space 295936K, 88% used [0x00007f7b3a800000,0x00007f7b4a811488,0x00007f7b4c900000)
  to   space 331776K, 99% used [0x00007f7b26400000,0x00007f7b3a7fbb38,0x00007f7b3a800000)
 ParOldGen       total 1993728K, used 1816984K [0x00007f6465000000, 0x00007f64deb00000, 0x00007f7ae5000000)
  object space 1993728K, 91% used [0x00007f6465000000,0x00007f64d3e66058,0x00007f64deb00000)
 PSPermGen       total 21504K, used 6791K [0x00007f645aa00000, 0x00007f645bf00000, 0x00007f6465000000)
  object space 21504K, 31% used [0x00007f645aa00000,0x00007f645b0a1d38,0x00007f645bf00000)
GC Heap History (10 events):
Event: 20.574 GC heap after
Heap after GC invocations=22 (full 5):
 PSYoungGen      total 1146880K, used 162326K [0x00007f7ae5000000, 0x00007f7b42500000, 0x00007f8625000000)
  eden space 923648K, 0% used [0x00007f7ae5000000,0x00007f7ae5000000,0x00007f7b1d600000)
  from space 223232K, 72% used [0x00007f7b1d600000,0x00007f7b27485ba8,0x00007f7b2b000000)
  to   space 237568K, 0% used [0x00007f7b33d00000,0x00007f7b33d00000,0x00007f7b42500000)
 ParOldGen       total 1015808K, used 793965K [0x00007f6465000000, 0x00007f64a3000000, 0x00007f7ae5000000)
  object space 1015808K, 78% used [0x00007f6465000000,0x00007f649575b6c0,0x00007f64a3000000)
 PSPermGen       total 21504K, used 6547K [0x00007f645aa00000, 0x00007f645bf00000, 0x00007f6465000000)
  object space 21504K, 30% used [0x00007f645aa00000,0x00007f645b064ca0,0x00007f645bf00000)
}
Event: 22.071 GC heap before
{Heap before GC invocations=23 (full 5):
 PSYoungGen      total 1146880K, used 1085974K [0x00007f7ae5000000, 0x00007f7b42500000, 0x00007f8625000000)
  eden space 923648K, 100% used [0x00007f7ae5000000,0x00007f7b1d600000,0x00007f7b1d600000)
  from space 223232K, 72% used [0x00007f7b1d600000,0x00007f7b27485ba8,0x00007f7b2b000000)
  to   space 237568K, 0% used [0x00007f7b33d00000,0x00007f7b33d00000,0x00007f7b42500000)
 ParOldGen       total 1015808K, used 793965K [0x00007f6465000000, 0x00007f64a3000000, 0x00007f7ae5000000)
  object space 1015808K, 78% used [0x00007f6465000000,0x00007f649575b6c0,0x00007f64a3000000)
 PSPermGen       total 21504K, used 6551K [0x00007f645aa00000, 0x00007f645bf00000, 0x00007f6465000000)
  object space 21504K, 30% used [0x00007f645aa00000,0x00007f645b065fd0,0x00007f645bf00000)
Event: 22.546 GC heap after
Heap after GC invocations=23 (full 5):
 PSYoungGen      total 1214464K, used 237539K [0x00007f7ae5000000, 0x00007f7b4c380000, 0x00007f8625000000)
  eden space 976896K, 0% used [0x00007f7ae5000000,0x00007f7ae5000000,0x00007f7b20a00000)
  from space 237568K, 99% used [0x00007f7b33d00000,0x00007f7b424f8db8,0x00007f7b42500000)
  to   space 314368K, 0% used [0x00007f7b20a00000,0x00007f7b20a00000,0x00007f7b33d00000)
 ParOldGen       total 1015808K, used 896130K [0x00007f6465000000, 0x00007f64a3000000, 0x00007f7ae5000000)
  object space 1015808K, 88% used [0x00007f6465000000,0x00007f649bb20980,0x00007f64a3000000)
 PSPermGen       total 21504K, used 6551K [0x00007f645aa00000, 0x00007f645bf00000, 0x00007f6465000000)
  object space 21504K, 30% used [0x00007f645aa00000,0x00007f645b065fd0,0x00007f645bf00000)
}
Event: 22.546 GC heap before
{Heap before GC invocations=24 (full 6):
 PSYoungGen      total 1214464K, used 237539K [0x00007f7ae5000000, 0x00007f7b4c380000, 0x00007f8625000000)
  eden space 976896K, 0% used [0x00007f7ae5000000,0x00007f7ae5000000,0x00007f7b20a00000)
  from space 237568K, 99% used [0x00007f7b33d00000,0x00007f7b424f8db8,0x00007f7b42500000)
  to   space 314368K, 0% used [0x00007f7b20a00000,0x00007f7b20a00000,0x00007f7b33d00000)
 ParOldGen       total 1015808K, used 896130K [0x00007f6465000000, 0x00007f64a3000000, 0x00007f7ae5000000)
  object space 1015808K, 88% used [0x00007f6465000000,0x00007f649bb20980,0x00007f64a3000000)
 PSPermGen       total 21504K, used 6551K [0x00007f645aa00000, 0x00007f645bf00000, 0x00007f6465000000)
  object space 21504K, 30% used [0x00007f645aa00000,0x00007f645b065fd0,0x00007f645bf00000)
Event: 24.479 GC heap after
Heap after GC invocations=24 (full 6):
 PSYoungGen      total 1214464K, used 93052K [0x00007f7ae5000000, 0x00007f7b4c380000, 0x00007f8625000000)
  eden space 976896K, 0% used [0x00007f7ae5000000,0x00007f7ae5000000,0x00007f7b20a00000)
  from space 237568K, 39% used [0x00007f7b33d00000,0x00007f7b397df2e8,0x00007f7b42500000)
  to   space 314368K, 0% used [0x00007f7b20a00000,0x00007f7b20a00000,0x00007f7b33d00000)
 ParOldGen       total 1387008K, used 1015702K [0x00007f6465000000, 0x00007f64b9a80000, 0x00007f7ae5000000)
  object space 1387008K, 73% used [0x00007f6465000000,0x00007f64a2fe5a20,0x00007f64b9a80000)
 PSPermGen       total 21504K, used 6551K [0x00007f645aa00000, 0x00007f645bf00000, 0x00007f6465000000)
  object space 21504K, 30% used [0x00007f645aa00000,0x00007f645b065f90,0x00007f645bf00000)
}
Event: 26.234 GC heap before
{Heap before GC invocations=25 (full 6):
 PSYoungGen      total 1214464K, used 1069948K [0x00007f7ae5000000, 0x00007f7b4c380000, 0x00007f8625000000)
  eden space 976896K, 100% used [0x00007f7ae5000000,0x00007f7b20a00000,0x00007f7b20a00000)
  from space 237568K, 39% used [0x00007f7b33d00000,0x00007f7b397df2e8,0x00007f7b42500000)
  to   space 314368K, 0% used [0x00007f7b20a00000,0x00007f7b20a00000,0x00007f7b33d00000)
 ParOldGen       total 1387008K, used 1015702K [0x00007f6465000000, 0x00007f64b9a80000, 0x00007f7ae5000000)
  object space 1387008K, 73% used [0x00007f6465000000,0x00007f64a2fe5a20,0x00007f64b9a80000)
 PSPermGen       total 21504K, used 6552K [0x00007f645aa00000, 0x00007f645bf00000, 0x00007f6465000000)
  object space 21504K, 30% used [0x00007f645aa00000,0x00007f645b066048,0x00007f645bf00000)
Event: 26.554 GC heap after
Heap after GC invocations=25 (full 6):
 PSYoungGen      total 1291264K, used 110500K [0x00007f7ae5000000, 0x00007f7b4c900000, 0x00007f8625000000)
  eden space 976896K, 0% used [0x00007f7ae5000000,0x00007f7ae5000000,0x00007f7b20a00000)
  from space 314368K, 35% used [0x00007f7b20a00000,0x00007f7b275e9030,0x00007f7b33d00000)
  to   space 295936K, 0% used [0x00007f7b3a800000,0x00007f7b3a800000,0x00007f7b4c900000)
 ParOldGen       total 1387008K, used 1109105K [0x00007f6465000000, 0x00007f64b9a80000, 0x00007f7ae5000000)
  object space 1387008K, 79% used [0x00007f6465000000,0x00007f64a8b1c480,0x00007f64b9a80000)
 PSPermGen       total 21504K, used 6552K [0x00007f645aa00000, 0x00007f645bf00000, 0x00007f6465000000)
  object space 21504K, 30% used [0x00007f645aa00000,0x00007f645b066048,0x00007f645bf00000)
}
Event: 27.786 GC heap before
{Heap before GC invocations=26 (full 6):
 PSYoungGen      total 1291264K, used 1087396K [0x00007f7ae5000000, 0x00007f7b4c900000, 0x00007f8625000000)
  eden space 976896K, 100% used [0x00007f7ae5000000,0x00007f7b20a00000,0x00007f7b20a00000)
  from space 314368K, 35% used [0x00007f7b20a00000,0x00007f7b275e9030,0x00007f7b33d00000)
  to   space 295936K, 0% used [0x00007f7b3a800000,0x00007f7b3a800000,0x00007f7b4c900000)
 ParOldGen       total 1387008K, used 1109105K [0x00007f6465000000, 0x00007f64b9a80000, 0x00007f7ae5000000)
  object space 1387008K, 79% used [0x00007f6465000000,0x00007f64a8b1c480,0x00007f64b9a80000)
 PSPermGen       total 21504K, used 6651K [0x00007f645aa00000, 0x00007f645bf00000, 0x00007f6465000000)
  object space 21504K, 30% used [0x00007f645aa00000,0x00007f645b07eeb0,0x00007f645bf00000)
Event: 28.087 GC heap after
Heap after GC invocations=26 (full 6):
 PSYoungGen      total 1364992K, used 262213K [0x00007f7ae5000000, 0x00007f7b51380000, 0x00007f8625000000)
  eden space 1069056K, 0% used [0x00007f7ae5000000,0x00007f7ae5000000,0x00007f7b26400000)
  from space 295936K, 88% used [0x00007f7b3a800000,0x00007f7b4a811488,0x00007f7b4c900000)
  to   space 331776K, 0% used [0x00007f7b26400000,0x00007f7b26400000,0x00007f7b3a800000)
 ParOldGen       total 1387008K, used 1109105K [0x00007f6465000000, 0x00007f64b9a80000, 0x00007f7ae5000000)
  object space 1387008K, 79% used [0x00007f6465000000,0x00007f64a8b1c480,0x00007f64b9a80000)
 PSPermGen       total 21504K, used 6651K [0x00007f645aa00000, 0x00007f645bf00000, 0x00007f6465000000)
  object space 21504K, 30% used [0x00007f645aa00000,0x00007f645b07eeb0,0x00007f645bf00000)
}
Event: 29.605 GC heap before
{Heap before GC invocations=27 (full 6):
 PSYoungGen      total 1364992K, used 1331269K [0x00007f7ae5000000, 0x00007f7b51380000, 0x00007f8625000000)
  eden space 1069056K, 100% used [0x00007f7ae5000000,0x00007f7b26400000,0x00007f7b26400000)
  from space 295936K, 88% used [0x00007f7b3a800000,0x00007f7b4a811488,0x00007f7b4c900000)
  to   space 331776K, 0% used [0x00007f7b26400000,0x00007f7b26400000,0x00007f7b3a800000)
 ParOldGen       total 1387008K, used 1109105K [0x00007f6465000000, 0x00007f64b9a80000, 0x00007f7ae5000000)
  object space 1387008K, 79% used [0x00007f6465000000,0x00007f64a8b1c480,0x00007f64b9a80000)
 PSPermGen       total 21504K, used 6791K [0x00007f645aa00000, 0x00007f645bf00000, 0x00007f6465000000)
  object space 21504K, 31% used [0x00007f645aa00000,0x00007f645b0a1d38,0x00007f645bf00000)

