# JRE version: OpenJDK Runtime Environment (7.0_85-b01) (build 1.7.0_85-b01)
# Java VM: OpenJDK 64-Bit Server VM (24.85-b03 mixed mode linux-amd64 )
Heap
 PSYoungGen      total 1335296K, used 1211500K [0x00007f146d000000, 0x00007f14e0b80000, 0x00007f1fad000000)
  eden space 870912K, 100% used [0x00007f146d000000,0x00007f14a2280000,0x00007f14a2280000)
  from space 464384K, 73% used [0x00007f14c0800000,0x00007f14d549b258,0x00007f14dcd80000)
  to   space 497152K, 66% used [0x00007f14a2280000,0x00007f14b6308478,0x00007f14c0800000)
 ParOldGen       total 1057280K, used 871951K [0x00007efded000000, 0x00007efe2d880000, 0x00007f146d000000)
  object space 1057280K, 82% used [0x00007efded000000,0x00007efe22383d80,0x00007efe2d880000)
 PSPermGen       total 21504K, used 6647K [0x00007efde2a00000, 0x00007efde3f00000, 0x00007efded000000)
  object space 21504K, 30% used [0x00007efde2a00000,0x00007efde307de68,0x00007efde3f00000)
GC Heap History (10 events):
Event: 19.824 GC heap after
Heap after GC invocations=21 (full 4):
 PSYoungGen      total 1041920K, used 290583K [0x00007f146d000000, 0x00007f14cca80000, 0x00007f1fad000000)
  eden space 735744K, 0% used [0x00007f146d000000,0x00007f146d000000,0x00007f1499e80000)
  from space 306176K, 94% used [0x00007f1499e80000,0x00007f14aba45d80,0x00007f14ac980000)
  to   space 352256K, 0% used [0x00007f14b7280000,0x00007f14b7280000,0x00007f14cca80000)
 ParOldGen       total 749568K, used 621930K [0x00007efded000000, 0x00007efe1ac00000, 0x00007f146d000000)
  object space 749568K, 82% used [0x00007efded000000,0x00007efe12f5a8d0,0x00007efe1ac00000)
 PSPermGen       total 21504K, used 6541K [0x00007efde2a00000, 0x00007efde3f00000, 0x00007efded000000)
  object space 21504K, 30% used [0x00007efde2a00000,0x00007efde30635e8,0x00007efde3f00000)
}
Event: 20.954 GC heap before
{Heap before GC invocations=22 (full 4):
 PSYoungGen      total 1041920K, used 1026327K [0x00007f146d000000, 0x00007f14cca80000, 0x00007f1fad000000)
  eden space 735744K, 100% used [0x00007f146d000000,0x00007f1499e80000,0x00007f1499e80000)
  from space 306176K, 94% used [0x00007f1499e80000,0x00007f14aba45d80,0x00007f14ac980000)
  to   space 352256K, 0% used [0x00007f14b7280000,0x00007f14b7280000,0x00007f14cca80000)
 ParOldGen       total 749568K, used 621930K [0x00007efded000000, 0x00007efe1ac00000, 0x00007f146d000000)
  object space 749568K, 82% used [0x00007efded000000,0x00007efe12f5a8d0,0x00007efe1ac00000)
 PSPermGen       total 21504K, used 6546K [0x00007efde2a00000, 0x00007efde3f00000, 0x00007efded000000)
  object space 21504K, 30% used [0x00007efde2a00000,0x00007efde3064ac0,0x00007efde3f00000)
Event: 21.332 GC heap after
Heap after GC invocations=22 (full 4):
 PSYoungGen      total 1133568K, used 352248K [0x00007f146d000000, 0x00007f14d6d80000, 0x00007f1fad000000)
  eden space 781312K, 0% used [0x00007f146d000000,0x00007f146d000000,0x00007f149cb00000)
  from space 352256K, 99% used [0x00007f14b7280000,0x00007f14cca7e270,0x00007f14cca80000)
  to   space 433664K, 0% used [0x00007f149cb00000,0x00007f149cb00000,0x00007f14b7280000)
 ParOldGen       total 749568K, used 680621K [0x00007efded000000, 0x00007efe1ac00000, 0x00007f146d000000)
  object space 749568K, 90% used [0x00007efded000000,0x00007efe168ab448,0x00007efe1ac00000)
 PSPermGen       total 21504K, used 6546K [0x00007efde2a00000, 0x00007efde3f00000, 0x00007efded000000)
  object space 21504K, 30% used [0x00007efde2a00000,0x00007efde3064ac0,0x00007efde3f00000)
}
Event: 21.332 GC heap before
{Heap before GC invocations=23 (full 5):
 PSYoungGen      total 1133568K, used 352248K [0x00007f146d000000, 0x00007f14d6d80000, 0x00007f1fad000000)
  eden space 781312K, 0% used [0x00007f146d000000,0x00007f146d000000,0x00007f149cb00000)
  from space 352256K, 99% used [0x00007f14b7280000,0x00007f14cca7e270,0x00007f14cca80000)
  to   space 433664K, 0% used [0x00007f149cb00000,0x00007f149cb00000,0x00007f14b7280000)
 ParOldGen       total 749568K, used 680621K [0x00007efded000000, 0x00007efe1ac00000, 0x00007f146d000000)
  object space 749568K, 90% used [0x00007efded000000,0x00007efe168ab448,0x00007efe1ac00000)
 PSPermGen       total 21504K, used 6546K [0x00007efde2a00000, 0x00007efde3f00000, 0x00007efded000000)
  object space 21504K, 30% used [0x00007efde2a00000,0x00007efde3064ac0,0x00007efde3f00000)
Event: 23.480 GC heap after
Heap after GC invocations=23 (full 5):
 PSYoungGen      total 1133568K, used 273186K [0x00007f146d000000, 0x00007f14d6d80000, 0x00007f1fad000000)
  eden space 781312K, 0% used [0x00007f146d000000,0x00007f146d000000,0x00007f149cb00000)
  from space 352256K, 77% used [0x00007f14b7280000,0x00007f14c7d48b50,0x00007f14cca80000)
  to   space 433664K, 0% used [0x00007f149cb00000,0x00007f149cb00000,0x00007f14b7280000)
 ParOldGen       total 1057280K, used 749339K [0x00007efded000000, 0x00007efe2d880000, 0x00007f146d000000)
  object space 1057280K, 70% used [0x00007efded000000,0x00007efe1abc6f58,0x00007efe2d880000)
 PSPermGen       total 21504K, used 6546K [0x00007efde2a00000, 0x00007efde3f00000, 0x00007efded000000)
  object space 21504K, 30% used [0x00007efde2a00000,0x00007efde3064a60,0x00007efde3f00000)
}
Event: 24.796 GC heap before
{Heap before GC invocations=24 (full 5):
 PSYoungGen      total 1133568K, used 1054498K [0x00007f146d000000, 0x00007f14d6d80000, 0x00007f1fad000000)
  eden space 781312K, 100% used [0x00007f146d000000,0x00007f149cb00000,0x00007f149cb00000)
  from space 352256K, 77% used [0x00007f14b7280000,0x00007f14c7d48b50,0x00007f14cca80000)
  to   space 433664K, 0% used [0x00007f149cb00000,0x00007f149cb00000,0x00007f14b7280000)
 ParOldGen       total 1057280K, used 749339K [0x00007efded000000, 0x00007efe2d880000, 0x00007f146d000000)
  object space 1057280K, 70% used [0x00007efded000000,0x00007efe1abc6f58,0x00007efe2d880000)
 PSPermGen       total 21504K, used 6547K [0x00007efde2a00000, 0x00007efde3f00000, 0x00007efded000000)
  object space 21504K, 30% used [0x00007efde2a00000,0x00007efde3064c00,0x00007efde3f00000)
Event: 25.141 GC heap after
Heap after GC invocations=24 (full 5):
 PSYoungGen      total 1214976K, used 317344K [0x00007f146d000000, 0x00007f14dcd80000, 0x00007f1fad000000)
  eden space 781312K, 0% used [0x00007f146d000000,0x00007f146d000000,0x00007f149cb00000)
  from space 433664K, 73% used [0x00007f149cb00000,0x00007f14b00e80f0,0x00007f14b7280000)
  to   space 464384K, 0% used [0x00007f14c0800000,0x00007f14c0800000,0x00007f14dcd80000)
 ParOldGen       total 1057280K, used 871951K [0x00007efded000000, 0x00007efe2d880000, 0x00007f146d000000)
  object space 1057280K, 82% used [0x00007efded000000,0x00007efe22383d80,0x00007efe2d880000)
 PSPermGen       total 21504K, used 6547K [0x00007efde2a00000, 0x00007efde3f00000, 0x00007efded000000)
  object space 21504K, 30% used [0x00007efde2a00000,0x00007efde3064c00,0x00007efde3f00000)
}
Event: 26.377 GC heap before
{Heap before GC invocations=25 (full 5):
 PSYoungGen      total 1214976K, used 1098656K [0x00007f146d000000, 0x00007f14dcd80000, 0x00007f1fad000000)
  eden space 781312K, 100% used [0x00007f146d000000,0x00007f149cb00000,0x00007f149cb00000)
  from space 433664K, 73% used [0x00007f149cb00000,0x00007f14b00e80f0,0x00007f14b7280000)
  to   space 464384K, 0% used [0x00007f14c0800000,0x00007f14c0800000,0x00007f14dcd80000)
 ParOldGen       total 1057280K, used 871951K [0x00007efded000000, 0x00007efe2d880000, 0x00007f146d000000)
  object space 1057280K, 82% used [0x00007efded000000,0x00007efe22383d80,0x00007efe2d880000)
 PSPermGen       total 21504K, used 6547K [0x00007efde2a00000, 0x00007efde3f00000, 0x00007efded000000)
  object space 21504K, 30% used [0x00007efde2a00000,0x00007efde3064c00,0x00007efde3f00000)
Event: 26.622 GC heap after
Heap after GC invocations=25 (full 5):
 PSYoungGen      total 1335296K, used 340588K [0x00007f146d000000, 0x00007f14e0b80000, 0x00007f1fad000000)
  eden space 870912K, 0% used [0x00007f146d000000,0x00007f146d000000,0x00007f14a2280000)
  from space 464384K, 73% used [0x00007f14c0800000,0x00007f14d549b258,0x00007f14dcd80000)
  to   space 497152K, 0% used [0x00007f14a2280000,0x00007f14a2280000,0x00007f14c0800000)
 ParOldGen       total 1057280K, used 871951K [0x00007efded000000, 0x00007efe2d880000, 0x00007f146d000000)
  object space 1057280K, 82% used [0x00007efded000000,0x00007efe22383d80,0x00007efe2d880000)
 PSPermGen       total 21504K, used 6547K [0x00007efde2a00000, 0x00007efde3f00000, 0x00007efded000000)
  object space 21504K, 30% used [0x00007efde2a00000,0x00007efde3064c00,0x00007efde3f00000)
}
Event: 27.896 GC heap before
{Heap before GC invocations=26 (full 5):
 PSYoungGen      total 1335296K, used 1211500K [0x00007f146d000000, 0x00007f14e0b80000, 0x00007f1fad000000)
  eden space 870912K, 100% used [0x00007f146d000000,0x00007f14a2280000,0x00007f14a2280000)
  from space 464384K, 73% used [0x00007f14c0800000,0x00007f14d549b258,0x00007f14dcd80000)
  to   space 497152K, 0% used [0x00007f14a2280000,0x00007f14a2280000,0x00007f14c0800000)
 ParOldGen       total 1057280K, used 871951K [0x00007efded000000, 0x00007efe2d880000, 0x00007f146d000000)
  object space 1057280K, 82% used [0x00007efded000000,0x00007efe22383d80,0x00007efe2d880000)
 PSPermGen       total 21504K, used 6647K [0x00007efde2a00000, 0x00007efde3f00000, 0x00007efded000000)
  object space 21504K, 30% used [0x00007efde2a00000,0x00007efde307de68,0x00007efde3f00000)

