# JRE version: OpenJDK Runtime Environment (7.0_85-b01) (build 1.7.0_85-b01)
# Java VM: OpenJDK 64-Bit Server VM (24.85-b03 mixed mode linux-amd64 )
Heap
 PSYoungGen      total 496640K, used 462661K [0x00007f4cc1000000, 0x00007f4ce6880000, 0x00007f5801000000)
  eden space 432640K, 100% used [0x00007f4cc1000000,0x00007f4cdb680000,0x00007f4cdb680000)
  from space 64000K, 46% used [0x00007f4cddd00000,0x00007f4cdfa514e0,0x00007f4ce1b80000)
  to   space 78848K, 99% used [0x00007f4ce1b80000,0x00007f4ce6878d50,0x00007f4ce6880000)
 ParOldGen       total 292864K, used 183990K [0x00007f3641000000, 0x00007f3652e00000, 0x00007f4cc1000000)
  object space 292864K, 62% used [0x00007f3641000000,0x00007f364c3adb48,0x00007f3652e00000)
 PSPermGen       total 21504K, used 6417K [0x00007f3636a00000, 0x00007f3637f00000, 0x00007f3641000000)
  object space 21504K, 29% used [0x00007f3636a00000,0x00007f3637044488,0x00007f3637f00000)
GC Heap History (10 events):
Event: 7.056 GC heap after
Heap after GC invocations=7 (full 0):
 PSYoungGen      total 280576K, used 31206K [0x00007f4cc1000000, 0x00007f4ce5a00000, 0x00007f5801000000)
  eden space 249344K, 0% used [0x00007f4cc1000000,0x00007f4cc1000000,0x00007f4cd0380000)
  from space 31232K, 99% used [0x00007f4cd0380000,0x00007f4cd21f9b08,0x00007f4cd2200000)
  to   space 50688K, 0% used [0x00007f4ce2880000,0x00007f4ce2880000,0x00007f4ce5a00000)
 ParOldGen       total 83968K, used 80408K [0x00007f3641000000, 0x00007f3646200000, 0x00007f4cc1000000)
  object space 83968K, 95% used [0x00007f3641000000,0x00007f3645e86248,0x00007f3646200000)
 PSPermGen       total 21504K, used 6380K [0x00007f3636a00000, 0x00007f3637f00000, 0x00007f3641000000)
  object space 21504K, 29% used [0x00007f3636a00000,0x00007f363703b0e8,0x00007f3637f00000)
}
Event: 7.056 GC heap before
{Heap before GC invocations=8 (full 1):
 PSYoungGen      total 280576K, used 31206K [0x00007f4cc1000000, 0x00007f4ce5a00000, 0x00007f5801000000)
  eden space 249344K, 0% used [0x00007f4cc1000000,0x00007f4cc1000000,0x00007f4cd0380000)
  from space 31232K, 99% used [0x00007f4cd0380000,0x00007f4cd21f9b08,0x00007f4cd2200000)
  to   space 50688K, 0% used [0x00007f4ce2880000,0x00007f4ce2880000,0x00007f4ce5a00000)
 ParOldGen       total 83968K, used 80408K [0x00007f3641000000, 0x00007f3646200000, 0x00007f4cc1000000)
  object space 83968K, 95% used [0x00007f3641000000,0x00007f3645e86248,0x00007f3646200000)
 PSPermGen       total 21504K, used 6380K [0x00007f3636a00000, 0x00007f3637f00000, 0x00007f3641000000)
  object space 21504K, 29% used [0x00007f3636a00000,0x00007f363703b0e8,0x00007f3637f00000)
Event: 7.561 GC heap after
Heap after GC invocations=8 (full 1):
 PSYoungGen      total 280576K, used 21837K [0x00007f4cc1000000, 0x00007f4ce5a00000, 0x00007f5801000000)
  eden space 249344K, 0% used [0x00007f4cc1000000,0x00007f4cc1000000,0x00007f4cd0380000)
  from space 31232K, 69% used [0x00007f4cd0380000,0x00007f4cd18d3768,0x00007f4cd2200000)
  to   space 50688K, 0% used [0x00007f4ce2880000,0x00007f4ce2880000,0x00007f4ce5a00000)
 ParOldGen       total 165376K, used 83719K [0x00007f3641000000, 0x00007f364b180000, 0x00007f4cc1000000)
  object space 165376K, 50% used [0x00007f3641000000,0x00007f36461c1f98,0x00007f364b180000)
 PSPermGen       total 21504K, used 6375K [0x00007f3636a00000, 0x00007f3637f00000, 0x00007f3641000000)
  object space 21504K, 29% used [0x00007f3636a00000,0x00007f3637039cb8,0x00007f3637f00000)
}
Event: 8.506 GC heap before
{Heap before GC invocations=9 (full 1):
 PSYoungGen      total 280576K, used 271181K [0x00007f4cc1000000, 0x00007f4ce5a00000, 0x00007f5801000000)
  eden space 249344K, 100% used [0x00007f4cc1000000,0x00007f4cd0380000,0x00007f4cd0380000)
  from space 31232K, 69% used [0x00007f4cd0380000,0x00007f4cd18d3768,0x00007f4cd2200000)
  to   space 50688K, 0% used [0x00007f4ce2880000,0x00007f4ce2880000,0x00007f4ce5a00000)
 ParOldGen       total 165376K, used 83719K [0x00007f3641000000, 0x00007f364b180000, 0x00007f4cc1000000)
  object space 165376K, 50% used [0x00007f3641000000,0x00007f36461c1f98,0x00007f364b180000)
 PSPermGen       total 21504K, used 6386K [0x00007f3636a00000, 0x00007f3637f00000, 0x00007f3641000000)
  object space 21504K, 29% used [0x00007f3636a00000,0x00007f363703cb58,0x00007f3637f00000)
Event: 8.581 GC heap after
Heap after GC invocations=9 (full 1):
 PSYoungGen      total 390656K, used 50679K [0x00007f4cc1000000, 0x00007f4ce5a00000, 0x00007f5801000000)
  eden space 339968K, 0% used [0x00007f4cc1000000,0x00007f4cc1000000,0x00007f4cd5c00000)
  from space 50688K, 99% used [0x00007f4ce2880000,0x00007f4ce59fddf0,0x00007f4ce5a00000)
  to   space 64000K, 0% used [0x00007f4cddd00000,0x00007f4cddd00000,0x00007f4ce1b80000)
 ParOldGen       total 165376K, used 93983K [0x00007f3641000000, 0x00007f364b180000, 0x00007f4cc1000000)
  object space 165376K, 56% used [0x00007f3641000000,0x00007f3646bc7fc8,0x00007f364b180000)
 PSPermGen       total 21504K, used 6386K [0x00007f3636a00000, 0x00007f3637f00000, 0x00007f3641000000)
  object space 21504K, 29% used [0x00007f3636a00000,0x00007f363703cb58,0x00007f3637f00000)
}
Event: 9.507 GC heap before
{Heap before GC invocations=10 (full 1):
 PSYoungGen      total 390656K, used 390647K [0x00007f4cc1000000, 0x00007f4ce5a00000, 0x00007f5801000000)
  eden space 339968K, 100% used [0x00007f4cc1000000,0x00007f4cd5c00000,0x00007f4cd5c00000)
  from space 50688K, 99% used [0x00007f4ce2880000,0x00007f4ce59fddf0,0x00007f4ce5a00000)
  to   space 64000K, 0% used [0x00007f4cddd00000,0x00007f4cddd00000,0x00007f4ce1b80000)
 ParOldGen       total 165376K, used 93983K [0x00007f3641000000, 0x00007f364b180000, 0x00007f4cc1000000)
  object space 165376K, 56% used [0x00007f3641000000,0x00007f3646bc7fc8,0x00007f364b180000)
 PSPermGen       total 21504K, used 6401K [0x00007f3636a00000, 0x00007f3637f00000, 0x00007f3641000000)
  object space 21504K, 29% used [0x00007f3636a00000,0x00007f36370406e8,0x00007f3637f00000)
Event: 9.618 GC heap after
Heap after GC invocations=10 (full 1):
 PSYoungGen      total 496640K, used 63981K [0x00007f4cc1000000, 0x00007f4ce6880000, 0x00007f5801000000)
  eden space 432640K, 0% used [0x00007f4cc1000000,0x00007f4cc1000000,0x00007f4cdb680000)
  from space 64000K, 99% used [0x00007f4cddd00000,0x00007f4ce1b7b6d8,0x00007f4ce1b80000)
  to   space 78848K, 0% used [0x00007f4ce1b80000,0x00007f4ce1b80000,0x00007f4ce6880000)
 ParOldGen       total 165376K, used 134844K [0x00007f3641000000, 0x00007f364b180000, 0x00007f4cc1000000)
  object space 165376K, 81% used [0x00007f3641000000,0x00007f36493af3e8,0x00007f364b180000)
 PSPermGen       total 21504K, used 6401K [0x00007f3636a00000, 0x00007f3637f00000, 0x00007f3641000000)
  object space 21504K, 29% used [0x00007f3636a00000,0x00007f36370406e8,0x00007f3637f00000)
}
Event: 9.618 GC heap before
{Heap before GC invocations=11 (full 2):
 PSYoungGen      total 496640K, used 63981K [0x00007f4cc1000000, 0x00007f4ce6880000, 0x00007f5801000000)
  eden space 432640K, 0% used [0x00007f4cc1000000,0x00007f4cc1000000,0x00007f4cdb680000)
  from space 64000K, 99% used [0x00007f4cddd00000,0x00007f4ce1b7b6d8,0x00007f4ce1b80000)
  to   space 78848K, 0% used [0x00007f4ce1b80000,0x00007f4ce1b80000,0x00007f4ce6880000)
 ParOldGen       total 165376K, used 134844K [0x00007f3641000000, 0x00007f364b180000, 0x00007f4cc1000000)
  object space 165376K, 81% used [0x00007f3641000000,0x00007f36493af3e8,0x00007f364b180000)
 PSPermGen       total 21504K, used 6401K [0x00007f3636a00000, 0x00007f3637f00000, 0x00007f3641000000)
  object space 21504K, 29% used [0x00007f3636a00000,0x00007f36370406e8,0x00007f3637f00000)
Event: 10.106 GC heap after
Heap after GC invocations=11 (full 2):
 PSYoungGen      total 496640K, used 30021K [0x00007f4cc1000000, 0x00007f4ce6880000, 0x00007f5801000000)
  eden space 432640K, 0% used [0x00007f4cc1000000,0x00007f4cc1000000,0x00007f4cdb680000)
  from space 64000K, 46% used [0x00007f4cddd00000,0x00007f4cdfa514e0,0x00007f4ce1b80000)
  to   space 78848K, 0% used [0x00007f4ce1b80000,0x00007f4ce1b80000,0x00007f4ce6880000)
 ParOldGen       total 292864K, used 165209K [0x00007f3641000000, 0x00007f3652e00000, 0x00007f4cc1000000)
  object space 292864K, 56% used [0x00007f3641000000,0x00007f364b156550,0x00007f3652e00000)
 PSPermGen       total 21504K, used 6401K [0x00007f3636a00000, 0x00007f3637f00000, 0x00007f3641000000)
  object space 21504K, 29% used [0x00007f3636a00000,0x00007f3637040448,0x00007f3637f00000)
}
Event: 10.883 GC heap before
{Heap before GC invocations=12 (full 2):
 PSYoungGen      total 496640K, used 462661K [0x00007f4cc1000000, 0x00007f4ce6880000, 0x00007f5801000000)
  eden space 432640K, 100% used [0x00007f4cc1000000,0x00007f4cdb680000,0x00007f4cdb680000)
  from space 64000K, 46% used [0x00007f4cddd00000,0x00007f4cdfa514e0,0x00007f4ce1b80000)
  to   space 78848K, 0% used [0x00007f4ce1b80000,0x00007f4ce1b80000,0x00007f4ce6880000)
 ParOldGen       total 292864K, used 165209K [0x00007f3641000000, 0x00007f3652e00000, 0x00007f4cc1000000)
  object space 292864K, 56% used [0x00007f3641000000,0x00007f364b156550,0x00007f3652e00000)
 PSPermGen       total 21504K, used 6417K [0x00007f3636a00000, 0x00007f3637f00000, 0x00007f3641000000)
  object space 21504K, 29% used [0x00007f3636a00000,0x00007f3637044488,0x00007f3637f00000)

