# JRE version: OpenJDK Runtime Environment (7.0_85-b01) (build 1.7.0_85-b01)
# Java VM: OpenJDK 64-Bit Server VM (24.85-b03 mixed mode linux-amd64 )
Heap
 PSYoungGen      total 1127424K, used 223408K [0x00007f9645000000, 0x00007f96a1980000, 0x00007fa185000000)
  eden space 796672K, 0% used [0x00007f9645000000,0x00007f9645000000,0x00007f9675a00000)
  from space 330752K, 67% used [0x00007f968ad00000,0x00007f969872c2f0,0x00007f969f000000)
  to   space 347136K, 0% used [0x00007f9675a00000,0x00007f9675a00000,0x00007f968ad00000)
 ParOldGen       total 756224K, used 756046K [0x00007f7fc5000000, 0x00007f7ff3280000, 0x00007f9645000000)
  object space 756224K, 99% used [0x00007f7fc5000000,0x00007f7ff3253858,0x00007f7ff3280000)
 PSPermGen       total 21504K, used 6543K [0x00007f7fbaa00000, 0x00007f7fbbf00000, 0x00007f7fc5000000)
  object space 21504K, 30% used [0x00007f7fbaa00000,0x00007f7fbb063f20,0x00007f7fbbf00000)
GC Heap History (10 events):
Event: 15.457 GC heap after
Heap after GC invocations=18 (full 4):
 PSYoungGen      total 774656K, used 68974K [0x00007f9645000000, 0x00007f9683600000, 0x00007fa185000000)
  eden space 603136K, 0% used [0x00007f9645000000,0x00007f9645000000,0x00007f9669d00000)
  from space 171520K, 40% used [0x00007f9675600000,0x00007f967995bb00,0x00007f967fd80000)
  to   space 189440K, 0% used [0x00007f9669d00000,0x00007f9669d00000,0x00007f9675600000)
 ParOldGen       total 744960K, used 488956K [0x00007f7fc5000000, 0x00007f7ff2780000, 0x00007f9645000000)
  object space 744960K, 65% used [0x00007f7fc5000000,0x00007f7fe2d7f1d8,0x00007f7ff2780000)
 PSPermGen       total 21504K, used 6507K [0x00007f7fbaa00000, 0x00007f7fbbf00000, 0x00007f7fc5000000)
  object space 21504K, 30% used [0x00007f7fbaa00000,0x00007f7fbb05af68,0x00007f7fbbf00000)
}
Event: 16.089 GC heap before
{Heap before GC invocations=19 (full 4):
 PSYoungGen      total 774656K, used 672110K [0x00007f9645000000, 0x00007f9683600000, 0x00007fa185000000)
  eden space 603136K, 100% used [0x00007f9645000000,0x00007f9669d00000,0x00007f9669d00000)
  from space 171520K, 40% used [0x00007f9675600000,0x00007f967995bb00,0x00007f967fd80000)
  to   space 189440K, 0% used [0x00007f9669d00000,0x00007f9669d00000,0x00007f9675600000)
 ParOldGen       total 744960K, used 488956K [0x00007f7fc5000000, 0x00007f7ff2780000, 0x00007f9645000000)
  object space 744960K, 65% used [0x00007f7fc5000000,0x00007f7fe2d7f1d8,0x00007f7ff2780000)
 PSPermGen       total 21504K, used 6515K [0x00007f7fbaa00000, 0x00007f7fbbf00000, 0x00007f7fc5000000)
  object space 21504K, 30% used [0x00007f7fbaa00000,0x00007f7fbb05ce88,0x00007f7fbbf00000)
Event: 16.281 GC heap after
Heap after GC invocations=19 (full 4):
 PSYoungGen      total 792576K, used 164125K [0x00007f9645000000, 0x00007f968be80000, 0x00007fa185000000)
  eden space 603136K, 0% used [0x00007f9645000000,0x00007f9645000000,0x00007f9669d00000)
  from space 189440K, 86% used [0x00007f9669d00000,0x00007f9673d47690,0x00007f9675600000)
  to   space 211456K, 0% used [0x00007f967f000000,0x00007f967f000000,0x00007f968be80000)
 ParOldGen       total 744960K, used 488956K [0x00007f7fc5000000, 0x00007f7ff2780000, 0x00007f9645000000)
  object space 744960K, 65% used [0x00007f7fc5000000,0x00007f7fe2d7f1d8,0x00007f7ff2780000)
 PSPermGen       total 21504K, used 6515K [0x00007f7fbaa00000, 0x00007f7fbbf00000, 0x00007f7fc5000000)
  object space 21504K, 30% used [0x00007f7fbaa00000,0x00007f7fbb05ce88,0x00007f7fbbf00000)
}
Event: 16.791 GC heap before
{Heap before GC invocations=20 (full 4):
 PSYoungGen      total 792576K, used 767261K [0x00007f9645000000, 0x00007f968be80000, 0x00007fa185000000)
  eden space 603136K, 100% used [0x00007f9645000000,0x00007f9669d00000,0x00007f9669d00000)
  from space 189440K, 86% used [0x00007f9669d00000,0x00007f9673d47690,0x00007f9675600000)
  to   space 211456K, 0% used [0x00007f967f000000,0x00007f967f000000,0x00007f968be80000)
 ParOldGen       total 744960K, used 488956K [0x00007f7fc5000000, 0x00007f7ff2780000, 0x00007f9645000000)
  object space 744960K, 65% used [0x00007f7fc5000000,0x00007f7fe2d7f1d8,0x00007f7ff2780000)
 PSPermGen       total 21504K, used 6524K [0x00007f7fbaa00000, 0x00007f7fbbf00000, 0x00007f7fc5000000)
  object space 21504K, 30% used [0x00007f7fbaa00000,0x00007f7fbb05f010,0x00007f7fbbf00000)
Event: 17.062 GC heap after
Heap after GC invocations=20 (full 4):
 PSYoungGen      total 898048K, used 211449K [0x00007f9645000000, 0x00007f9693d00000, 0x00007fa185000000)
  eden space 686592K, 0% used [0x00007f9645000000,0x00007f9645000000,0x00007f966ee80000)
  from space 211456K, 99% used [0x00007f967f000000,0x00007f968be7e5f8,0x00007f968be80000)
  to   space 263680K, 0% used [0x00007f966ee80000,0x00007f966ee80000,0x00007f967f000000)
 ParOldGen       total 744960K, used 535209K [0x00007f7fc5000000, 0x00007f7ff2780000, 0x00007f9645000000)
  object space 744960K, 71% used [0x00007f7fc5000000,0x00007f7fe5aaa788,0x00007f7ff2780000)
 PSPermGen       total 21504K, used 6524K [0x00007f7fbaa00000, 0x00007f7fbbf00000, 0x00007f7fc5000000)
  object space 21504K, 30% used [0x00007f7fbaa00000,0x00007f7fbb05f010,0x00007f7fbbf00000)
}
Event: 17.753 GC heap before
{Heap before GC invocations=21 (full 4):
 PSYoungGen      total 898048K, used 898041K [0x00007f9645000000, 0x00007f9693d00000, 0x00007fa185000000)
  eden space 686592K, 100% used [0x00007f9645000000,0x00007f966ee80000,0x00007f966ee80000)
  from space 211456K, 99% used [0x00007f967f000000,0x00007f968be7e5f8,0x00007f968be80000)
  to   space 263680K, 0% used [0x00007f966ee80000,0x00007f966ee80000,0x00007f967f000000)
 ParOldGen       total 744960K, used 535209K [0x00007f7fc5000000, 0x00007f7ff2780000, 0x00007f9645000000)
  object space 744960K, 71% used [0x00007f7fc5000000,0x00007f7fe5aaa788,0x00007f7ff2780000)
 PSPermGen       total 21504K, used 6540K [0x00007f7fbaa00000, 0x00007f7fbbf00000, 0x00007f7fc5000000)
  object space 21504K, 30% used [0x00007f7fbaa00000,0x00007f7fbb063040,0x00007f7fbbf00000)
Event: 17.987 GC heap after
Heap after GC invocations=21 (full 4):
 PSYoungGen      total 950272K, used 263677K [0x00007f9645000000, 0x00007f969f000000, 0x00007fa185000000)
  eden space 686592K, 0% used [0x00007f9645000000,0x00007f9645000000,0x00007f966ee80000)
  from space 263680K, 99% used [0x00007f966ee80000,0x00007f967efff768,0x00007f967f000000)
  to   space 330752K, 0% used [0x00007f968ad00000,0x00007f968ad00000,0x00007f969f000000)
 ParOldGen       total 744960K, used 596571K [0x00007f7fc5000000, 0x00007f7ff2780000, 0x00007f9645000000)
  object space 744960K, 80% used [0x00007f7fc5000000,0x00007f7fe9696ce0,0x00007f7ff2780000)
 PSPermGen       total 21504K, used 6540K [0x00007f7fbaa00000, 0x00007f7fbbf00000, 0x00007f7fc5000000)
  object space 21504K, 30% used [0x00007f7fbaa00000,0x00007f7fbb063040,0x00007f7fbbf00000)
}
Event: 18.607 GC heap before
{Heap before GC invocations=22 (full 4):
 PSYoungGen      total 950272K, used 950269K [0x00007f9645000000, 0x00007f969f000000, 0x00007fa185000000)
  eden space 686592K, 100% used [0x00007f9645000000,0x00007f966ee80000,0x00007f966ee80000)
  from space 263680K, 99% used [0x00007f966ee80000,0x00007f967efff768,0x00007f967f000000)
  to   space 330752K, 0% used [0x00007f968ad00000,0x00007f968ad00000,0x00007f969f000000)
 ParOldGen       total 744960K, used 596571K [0x00007f7fc5000000, 0x00007f7ff2780000, 0x00007f9645000000)
  object space 744960K, 80% used [0x00007f7fc5000000,0x00007f7fe9696ce0,0x00007f7ff2780000)
 PSPermGen       total 21504K, used 6543K [0x00007f7fbaa00000, 0x00007f7fbbf00000, 0x00007f7fc5000000)
  object space 21504K, 30% used [0x00007f7fbaa00000,0x00007f7fbb063f20,0x00007f7fbbf00000)
Event: 18.933 GC heap after
Heap after GC invocations=22 (full 4):
 PSYoungGen      total 1127424K, used 223408K [0x00007f9645000000, 0x00007f96a1980000, 0x00007fa185000000)
  eden space 796672K, 0% used [0x00007f9645000000,0x00007f9645000000,0x00007f9675a00000)
  from space 330752K, 67% used [0x00007f968ad00000,0x00007f969872c2f0,0x00007f969f000000)
  to   space 347136K, 0% used [0x00007f9675a00000,0x00007f9675a00000,0x00007f968ad00000)
 ParOldGen       total 756224K, used 756046K [0x00007f7fc5000000, 0x00007f7ff3280000, 0x00007f9645000000)
  object space 756224K, 99% used [0x00007f7fc5000000,0x00007f7ff3253858,0x00007f7ff3280000)
 PSPermGen       total 21504K, used 6543K [0x00007f7fbaa00000, 0x00007f7fbbf00000, 0x00007f7fc5000000)
  object space 21504K, 30% used [0x00007f7fbaa00000,0x00007f7fbb063f20,0x00007f7fbbf00000)
}
Event: 18.933 GC heap before
{Heap before GC invocations=23 (full 5):
 PSYoungGen      total 1127424K, used 223408K [0x00007f9645000000, 0x00007f96a1980000, 0x00007fa185000000)
  eden space 796672K, 0% used [0x00007f9645000000,0x00007f9645000000,0x00007f9675a00000)
  from space 330752K, 67% used [0x00007f968ad00000,0x00007f969872c2f0,0x00007f969f000000)
  to   space 347136K, 0% used [0x00007f9675a00000,0x00007f9675a00000,0x00007f968ad00000)
 ParOldGen       total 756224K, used 756046K [0x00007f7fc5000000, 0x00007f7ff3280000, 0x00007f9645000000)
  object space 756224K, 99% used [0x00007f7fc5000000,0x00007f7ff3253858,0x00007f7ff3280000)
 PSPermGen       total 21504K, used 6543K [0x00007f7fbaa00000, 0x00007f7fbbf00000, 0x00007f7fc5000000)
  object space 21504K, 30% used [0x00007f7fbaa00000,0x00007f7fbb063f20,0x00007f7fbbf00000)

