# JRE version: OpenJDK Runtime Environment (7.0_85-b01) (build 1.7.0_85-b01)
# Java VM: OpenJDK 64-Bit Server VM (24.85-b03 mixed mode linux-amd64 compressed oops)
Heap
 PSYoungGen      total 980480K, used 966739K [0x00000007aaa80000, 0x0000000800000000, 0x0000000800000000)
  eden space 686080K, 100% used [0x00000007aaa80000,0x00000007d4880000,0x00000007d4880000)
  from space 294400K, 95% used [0x00000007d4880000,0x00000007e5a94e70,0x00000007e6800000)
  to   space 338944K, 86% used [0x00000007eb500000,0x00000007fd25f960,0x0000000800000000)
 ParOldGen       total 737280K, used 610004K [0x0000000700000000, 0x000000072d000000, 0x00000007aaa80000)
  object space 737280K, 82% used [0x0000000700000000,0x00000007253b5040,0x000000072d000000)
 PSPermGen       total 21504K, used 6562K [0x00000006f5a00000, 0x00000006f6f00000, 0x0000000700000000)
  object space 21504K, 30% used [0x00000006f5a00000,0x00000006f6068bd0,0x00000006f6f00000)
GC Heap History (10 events):
Event: 19.895 GC heap after
Heap after GC invocations=17 (full 3):
 PSYoungGen      total 815104K, used 150834K [0x00000007aaa80000, 0x00000007eca80000, 0x0000000800000000)
  eden space 617984K, 0% used [0x00000007aaa80000,0x00000007aaa80000,0x00000007d0600000)
  from space 197120K, 76% used [0x00000007dd680000,0x00000007e69ccb68,0x00000007e9700000)
  to   space 213504K, 0% used [0x00000007d0600000,0x00000007d0600000,0x00000007dd680000)
 ParOldGen       total 482304K, used 417528K [0x0000000700000000, 0x000000071d700000, 0x00000007aaa80000)
  object space 482304K, 86% used [0x0000000700000000,0x00000007197be3b0,0x000000071d700000)
 PSPermGen       total 21504K, used 6454K [0x00000006f5a00000, 0x00000006f6f00000, 0x0000000700000000)
  object space 21504K, 30% used [0x00000006f5a00000,0x00000006f604dac0,0x00000006f6f00000)
}
Event: 19.895 GC heap before
{Heap before GC invocations=18 (full 4):
 PSYoungGen      total 815104K, used 150834K [0x00000007aaa80000, 0x00000007eca80000, 0x0000000800000000)
  eden space 617984K, 0% used [0x00000007aaa80000,0x00000007aaa80000,0x00000007d0600000)
  from space 197120K, 76% used [0x00000007dd680000,0x00000007e69ccb68,0x00000007e9700000)
  to   space 213504K, 0% used [0x00000007d0600000,0x00000007d0600000,0x00000007dd680000)
 ParOldGen       total 482304K, used 417528K [0x0000000700000000, 0x000000071d700000, 0x00000007aaa80000)
  object space 482304K, 86% used [0x0000000700000000,0x00000007197be3b0,0x000000071d700000)
 PSPermGen       total 21504K, used 6454K [0x00000006f5a00000, 0x00000006f6f00000, 0x0000000700000000)
  object space 21504K, 30% used [0x00000006f5a00000,0x00000006f604dac0,0x00000006f6f00000)
Event: 21.653 GC heap after
Heap after GC invocations=18 (full 4):
 PSYoungGen      total 815104K, used 77194K [0x00000007aaa80000, 0x00000007eca80000, 0x0000000800000000)
  eden space 617984K, 0% used [0x00000007aaa80000,0x00000007aaa80000,0x00000007d0600000)
  from space 197120K, 39% used [0x00000007dd680000,0x00000007e21e2918,0x00000007e9700000)
  to   space 213504K, 0% used [0x00000007d0600000,0x00000007d0600000,0x00000007dd680000)
 ParOldGen       total 737280K, used 481795K [0x0000000700000000, 0x000000072d000000, 0x00000007aaa80000)
  object space 737280K, 65% used [0x0000000700000000,0x000000071d680e80,0x000000072d000000)
 PSPermGen       total 21504K, used 6454K [0x00000006f5a00000, 0x00000006f6f00000, 0x0000000700000000)
  object space 21504K, 30% used [0x00000006f5a00000,0x00000006f604da20,0x00000006f6f00000)
}
Event: 22.433 GC heap before
{Heap before GC invocations=19 (full 4):
 PSYoungGen      total 815104K, used 695178K [0x00000007aaa80000, 0x00000007eca80000, 0x0000000800000000)
  eden space 617984K, 100% used [0x00000007aaa80000,0x00000007d0600000,0x00000007d0600000)
  from space 197120K, 39% used [0x00000007dd680000,0x00000007e21e2918,0x00000007e9700000)
  to   space 213504K, 0% used [0x00000007d0600000,0x00000007d0600000,0x00000007dd680000)
 ParOldGen       total 737280K, used 481795K [0x0000000700000000, 0x000000072d000000, 0x00000007aaa80000)
  object space 737280K, 65% used [0x0000000700000000,0x000000071d680e80,0x000000072d000000)
 PSPermGen       total 21504K, used 6461K [0x00000006f5a00000, 0x00000006f6f00000, 0x0000000700000000)
  object space 21504K, 30% used [0x00000006f5a00000,0x00000006f604f4d0,0x00000006f6f00000)
Event: 22.710 GC heap after
Heap after GC invocations=19 (full 4):
 PSYoungGen      total 831488K, used 174142K [0x00000007aaa80000, 0x00000007f4d80000, 0x0000000800000000)
  eden space 617984K, 0% used [0x00000007aaa80000,0x00000007aaa80000,0x00000007d0600000)
  from space 213504K, 81% used [0x00000007d0600000,0x00000007db00f908,0x00000007dd680000)
  to   space 235008K, 0% used [0x00000007e6800000,0x00000007e6800000,0x00000007f4d80000)
 ParOldGen       total 737280K, used 481795K [0x0000000700000000, 0x000000072d000000, 0x00000007aaa80000)
  object space 737280K, 65% used [0x0000000700000000,0x000000071d680e80,0x000000072d000000)
 PSPermGen       total 21504K, used 6461K [0x00000006f5a00000, 0x00000006f6f00000, 0x0000000700000000)
  object space 21504K, 30% used [0x00000006f5a00000,0x00000006f604f4d0,0x00000006f6f00000)
}
Event: 24.269 GC heap before
{Heap before GC invocations=20 (full 4):
 PSYoungGen      total 831488K, used 792126K [0x00000007aaa80000, 0x00000007f4d80000, 0x0000000800000000)
  eden space 617984K, 100% used [0x00000007aaa80000,0x00000007d0600000,0x00000007d0600000)
  from space 213504K, 81% used [0x00000007d0600000,0x00000007db00f908,0x00000007dd680000)
  to   space 235008K, 0% used [0x00000007e6800000,0x00000007e6800000,0x00000007f4d80000)
 ParOldGen       total 737280K, used 481795K [0x0000000700000000, 0x000000072d000000, 0x00000007aaa80000)
  object space 737280K, 65% used [0x0000000700000000,0x000000071d680e80,0x000000072d000000)
 PSPermGen       total 21504K, used 6464K [0x00000006f5a00000, 0x00000006f6f00000, 0x0000000700000000)
  object space 21504K, 30% used [0x00000006f5a00000,0x00000006f6050268,0x00000006f6f00000)
Event: 24.595 GC heap after
Heap after GC invocations=20 (full 4):
 PSYoungGen      total 921088K, used 235002K [0x00000007aaa80000, 0x00000007fc480000, 0x0000000800000000)
  eden space 686080K, 0% used [0x00000007aaa80000,0x00000007aaa80000,0x00000007d4880000)
  from space 235008K, 99% used [0x00000007e6800000,0x00000007f4d7ebd8,0x00000007f4d80000)
  to   space 294400K, 0% used [0x00000007d4880000,0x00000007d4880000,0x00000007e6800000)
 ParOldGen       total 737280K, used 536670K [0x0000000700000000, 0x000000072d000000, 0x00000007aaa80000)
  object space 737280K, 72% used [0x0000000700000000,0x0000000720c17b48,0x000000072d000000)
 PSPermGen       total 21504K, used 6464K [0x00000006f5a00000, 0x00000006f6f00000, 0x0000000700000000)
  object space 21504K, 30% used [0x00000006f5a00000,0x00000006f6050268,0x00000006f6f00000)
}
Event: 26.105 GC heap before
{Heap before GC invocations=21 (full 4):
 PSYoungGen      total 921088K, used 921082K [0x00000007aaa80000, 0x00000007fc480000, 0x0000000800000000)
  eden space 686080K, 100% used [0x00000007aaa80000,0x00000007d4880000,0x00000007d4880000)
  from space 235008K, 99% used [0x00000007e6800000,0x00000007f4d7ebd8,0x00000007f4d80000)
  to   space 294400K, 0% used [0x00000007d4880000,0x00000007d4880000,0x00000007e6800000)
 ParOldGen       total 737280K, used 536670K [0x0000000700000000, 0x000000072d000000, 0x00000007aaa80000)
  object space 737280K, 72% used [0x0000000700000000,0x0000000720c17b48,0x000000072d000000)
 PSPermGen       total 21504K, used 6464K [0x00000006f5a00000, 0x00000006f6f00000, 0x0000000700000000)
  object space 21504K, 30% used [0x00000006f5a00000,0x00000006f6050268,0x00000006f6f00000)
Event: 26.376 GC heap after
Heap after GC invocations=21 (full 4):
 PSYoungGen      total 980480K, used 280659K [0x00000007aaa80000, 0x0000000800000000, 0x0000000800000000)
  eden space 686080K, 0% used [0x00000007aaa80000,0x00000007aaa80000,0x00000007d4880000)
  from space 294400K, 95% used [0x00000007d4880000,0x00000007e5a94e70,0x00000007e6800000)
  to   space 338944K, 0% used [0x00000007eb500000,0x00000007eb500000,0x0000000800000000)
 ParOldGen       total 737280K, used 610004K [0x0000000700000000, 0x000000072d000000, 0x00000007aaa80000)
  object space 737280K, 82% used [0x0000000700000000,0x00000007253b5040,0x000000072d000000)
 PSPermGen       total 21504K, used 6464K [0x00000006f5a00000, 0x00000006f6f00000, 0x0000000700000000)
  object space 21504K, 30% used [0x00000006f5a00000,0x00000006f6050268,0x00000006f6f00000)
}
Event: 27.661 GC heap before
{Heap before GC invocations=22 (full 4):
 PSYoungGen      total 980480K, used 966739K [0x00000007aaa80000, 0x0000000800000000, 0x0000000800000000)
  eden space 686080K, 100% used [0x00000007aaa80000,0x00000007d4880000,0x00000007d4880000)
  from space 294400K, 95% used [0x00000007d4880000,0x00000007e5a94e70,0x00000007e6800000)
  to   space 338944K, 0% used [0x00000007eb500000,0x00000007eb500000,0x0000000800000000)
 ParOldGen       total 737280K, used 610004K [0x0000000700000000, 0x000000072d000000, 0x00000007aaa80000)
  object space 737280K, 82% used [0x0000000700000000,0x00000007253b5040,0x000000072d000000)
 PSPermGen       total 21504K, used 6562K [0x00000006f5a00000, 0x00000006f6f00000, 0x0000000700000000)
  object space 21504K, 30% used [0x00000006f5a00000,0x00000006f6068bd0,0x00000006f6f00000)

