# JRE version: OpenJDK Runtime Environment (7.0_85-b01) (build 1.7.0_85-b01)
# Java VM: OpenJDK 64-Bit Server VM (24.85-b03 mixed mode linux-amd64 )
Heap
 PSYoungGen      total 1082368K, used 215058K [0x00007fe0c0580000, 0x00007fe119700000, 0x00007fec00580000)
  eden space 759808K, 0% used [0x00007fe0c0580000,0x00007fe0c0580000,0x00007fe0eeb80000)
  from space 322560K, 66% used [0x00007fe103500000,0x00007fe110704be0,0x00007fe117000000)
  to   space 337408K, 0% used [0x00007fe0eeb80000,0x00007fe0eeb80000,0x00007fe103500000)
 ParOldGen       total 749056K, used 747611K [0x00007fca40580000, 0x00007fca6e100000, 0x00007fe0c0580000)
  object space 749056K, 99% used [0x00007fca40580000,0x00007fca6df96ec8,0x00007fca6e100000)
 PSPermGen       total 21504K, used 6540K [0x00007fca35f80000, 0x00007fca37480000, 0x00007fca40580000)
  object space 21504K, 30% used [0x00007fca35f80000,0x00007fca365e3158,0x00007fca37480000)
GC Heap History (10 events):
Event: 19.433 GC heap after
Heap after GC invocations=18 (full 4):
 PSYoungGen      total 756736K, used 63909K [0x00007fe0c0580000, 0x00007fe0fdf00000, 0x00007fec00580000)
  eden space 588288K, 0% used [0x00007fe0c0580000,0x00007fe0c0580000,0x00007fe0e4400000)
  from space 168448K, 37% used [0x00007fe0efb80000,0x00007fe0f39e97b8,0x00007fe0fa000000)
  to   space 187904K, 0% used [0x00007fe0e4400000,0x00007fe0e4400000,0x00007fe0efb80000)
 ParOldGen       total 749056K, used 490231K [0x00007fca40580000, 0x00007fca6e100000, 0x00007fe0c0580000)
  object space 749056K, 65% used [0x00007fca40580000,0x00007fca5e43dde0,0x00007fca6e100000)
 PSPermGen       total 21504K, used 6497K [0x00007fca35f80000, 0x00007fca37480000, 0x00007fca40580000)
  object space 21504K, 30% used [0x00007fca35f80000,0x00007fca365d87e0,0x00007fca37480000)
}
Event: 20.141 GC heap before
{Heap before GC invocations=19 (full 4):
 PSYoungGen      total 756736K, used 652197K [0x00007fe0c0580000, 0x00007fe0fdf00000, 0x00007fec00580000)
  eden space 588288K, 100% used [0x00007fe0c0580000,0x00007fe0e4400000,0x00007fe0e4400000)
  from space 168448K, 37% used [0x00007fe0efb80000,0x00007fe0f39e97b8,0x00007fe0fa000000)
  to   space 187904K, 0% used [0x00007fe0e4400000,0x00007fe0e4400000,0x00007fe0efb80000)
 ParOldGen       total 749056K, used 490231K [0x00007fca40580000, 0x00007fca6e100000, 0x00007fe0c0580000)
  object space 749056K, 65% used [0x00007fca40580000,0x00007fca5e43dde0,0x00007fca6e100000)
 PSPermGen       total 21504K, used 6518K [0x00007fca35f80000, 0x00007fca37480000, 0x00007fca40580000)
  object space 21504K, 30% used [0x00007fca35f80000,0x00007fca365ddb98,0x00007fca37480000)
Event: 20.346 GC heap after
Heap after GC invocations=19 (full 4):
 PSYoungGen      total 776192K, used 157070K [0x00007fe0c0580000, 0x00007fe105000000, 0x00007fec00580000)
  eden space 588288K, 0% used [0x00007fe0c0580000,0x00007fe0c0580000,0x00007fe0e4400000)
  from space 187904K, 83% used [0x00007fe0e4400000,0x00007fe0edd63930,0x00007fe0efb80000)
  to   space 207872K, 0% used [0x00007fe0f8500000,0x00007fe0f8500000,0x00007fe105000000)
 ParOldGen       total 749056K, used 490231K [0x00007fca40580000, 0x00007fca6e100000, 0x00007fe0c0580000)
  object space 749056K, 65% used [0x00007fca40580000,0x00007fca5e43dde0,0x00007fca6e100000)
 PSPermGen       total 21504K, used 6518K [0x00007fca35f80000, 0x00007fca37480000, 0x00007fca40580000)
  object space 21504K, 30% used [0x00007fca35f80000,0x00007fca365ddb98,0x00007fca37480000)
}
Event: 20.878 GC heap before
{Heap before GC invocations=20 (full 4):
 PSYoungGen      total 776192K, used 745358K [0x00007fe0c0580000, 0x00007fe105000000, 0x00007fec00580000)
  eden space 588288K, 100% used [0x00007fe0c0580000,0x00007fe0e4400000,0x00007fe0e4400000)
  from space 187904K, 83% used [0x00007fe0e4400000,0x00007fe0edd63930,0x00007fe0efb80000)
  to   space 207872K, 0% used [0x00007fe0f8500000,0x00007fe0f8500000,0x00007fe105000000)
 ParOldGen       total 749056K, used 490231K [0x00007fca40580000, 0x00007fca6e100000, 0x00007fe0c0580000)
  object space 749056K, 65% used [0x00007fca40580000,0x00007fca5e43dde0,0x00007fca6e100000)
 PSPermGen       total 21504K, used 6521K [0x00007fca35f80000, 0x00007fca37480000, 0x00007fca40580000)
  object space 21504K, 30% used [0x00007fca35f80000,0x00007fca365de5e8,0x00007fca37480000)
Event: 21.140 GC heap after
Heap after GC invocations=20 (full 4):
 PSYoungGen      total 867840K, used 207862K [0x00007fe0c0580000, 0x00007fe10c880000, 0x00007fec00580000)
  eden space 659968K, 0% used [0x00007fe0c0580000,0x00007fe0c0580000,0x00007fe0e8a00000)
  from space 207872K, 99% used [0x00007fe0f8500000,0x00007fe104ffdaa8,0x00007fe105000000)
  to   space 257024K, 0% used [0x00007fe0e8a00000,0x00007fe0e8a00000,0x00007fe0f8500000)
 ParOldGen       total 749056K, used 530371K [0x00007fca40580000, 0x00007fca6e100000, 0x00007fe0c0580000)
  object space 749056K, 70% used [0x00007fca40580000,0x00007fca60b70cf8,0x00007fca6e100000)
 PSPermGen       total 21504K, used 6521K [0x00007fca35f80000, 0x00007fca37480000, 0x00007fca40580000)
  object space 21504K, 30% used [0x00007fca35f80000,0x00007fca365de5e8,0x00007fca37480000)
}
Event: 21.850 GC heap before
{Heap before GC invocations=21 (full 4):
 PSYoungGen      total 867840K, used 867830K [0x00007fe0c0580000, 0x00007fe10c880000, 0x00007fec00580000)
  eden space 659968K, 100% used [0x00007fe0c0580000,0x00007fe0e8a00000,0x00007fe0e8a00000)
  from space 207872K, 99% used [0x00007fe0f8500000,0x00007fe104ffdaa8,0x00007fe105000000)
  to   space 257024K, 0% used [0x00007fe0e8a00000,0x00007fe0e8a00000,0x00007fe0f8500000)
 ParOldGen       total 749056K, used 530371K [0x00007fca40580000, 0x00007fca6e100000, 0x00007fe0c0580000)
  object space 749056K, 70% used [0x00007fca40580000,0x00007fca60b70cf8,0x00007fca6e100000)
 PSPermGen       total 21504K, used 6537K [0x00007fca35f80000, 0x00007fca37480000, 0x00007fca40580000)
  object space 21504K, 30% used [0x00007fca35f80000,0x00007fca365e25e0,0x00007fca37480000)
Event: 22.085 GC heap after
Heap after GC invocations=21 (full 4):
 PSYoungGen      total 916992K, used 257010K [0x00007fe0c0580000, 0x00007fe117000000, 0x00007fec00580000)
  eden space 659968K, 0% used [0x00007fe0c0580000,0x00007fe0c0580000,0x00007fe0e8a00000)
  from space 257024K, 99% used [0x00007fe0e8a00000,0x00007fe0f84fcb98,0x00007fe0f8500000)
  to   space 322560K, 0% used [0x00007fe103500000,0x00007fe103500000,0x00007fe117000000)
 ParOldGen       total 749056K, used 591201K [0x00007fca40580000, 0x00007fca6e100000, 0x00007fe0c0580000)
  object space 749056K, 78% used [0x00007fca40580000,0x00007fca646d8530,0x00007fca6e100000)
 PSPermGen       total 21504K, used 6537K [0x00007fca35f80000, 0x00007fca37480000, 0x00007fca40580000)
  object space 21504K, 30% used [0x00007fca35f80000,0x00007fca365e25e0,0x00007fca37480000)
}
Event: 22.747 GC heap before
{Heap before GC invocations=22 (full 4):
 PSYoungGen      total 916992K, used 916978K [0x00007fe0c0580000, 0x00007fe117000000, 0x00007fec00580000)
  eden space 659968K, 100% used [0x00007fe0c0580000,0x00007fe0e8a00000,0x00007fe0e8a00000)
  from space 257024K, 99% used [0x00007fe0e8a00000,0x00007fe0f84fcb98,0x00007fe0f8500000)
  to   space 322560K, 0% used [0x00007fe103500000,0x00007fe103500000,0x00007fe117000000)
 ParOldGen       total 749056K, used 591201K [0x00007fca40580000, 0x00007fca6e100000, 0x00007fe0c0580000)
  object space 749056K, 78% used [0x00007fca40580000,0x00007fca646d8530,0x00007fca6e100000)
 PSPermGen       total 21504K, used 6540K [0x00007fca35f80000, 0x00007fca37480000, 0x00007fca40580000)
  object space 21504K, 30% used [0x00007fca35f80000,0x00007fca365e3158,0x00007fca37480000)
Event: 23.080 GC heap after
Heap after GC invocations=22 (full 4):
 PSYoungGen      total 1082368K, used 215058K [0x00007fe0c0580000, 0x00007fe119700000, 0x00007fec00580000)
  eden space 759808K, 0% used [0x00007fe0c0580000,0x00007fe0c0580000,0x00007fe0eeb80000)
  from space 322560K, 66% used [0x00007fe103500000,0x00007fe110704be0,0x00007fe117000000)
  to   space 337408K, 0% used [0x00007fe0eeb80000,0x00007fe0eeb80000,0x00007fe103500000)
 ParOldGen       total 749056K, used 747611K [0x00007fca40580000, 0x00007fca6e100000, 0x00007fe0c0580000)
  object space 749056K, 99% used [0x00007fca40580000,0x00007fca6df96ec8,0x00007fca6e100000)
 PSPermGen       total 21504K, used 6540K [0x00007fca35f80000, 0x00007fca37480000, 0x00007fca40580000)
  object space 21504K, 30% used [0x00007fca35f80000,0x00007fca365e3158,0x00007fca37480000)
}
Event: 23.080 GC heap before
{Heap before GC invocations=23 (full 5):
 PSYoungGen      total 1082368K, used 215058K [0x00007fe0c0580000, 0x00007fe119700000, 0x00007fec00580000)
  eden space 759808K, 0% used [0x00007fe0c0580000,0x00007fe0c0580000,0x00007fe0eeb80000)
  from space 322560K, 66% used [0x00007fe103500000,0x00007fe110704be0,0x00007fe117000000)
  to   space 337408K, 0% used [0x00007fe0eeb80000,0x00007fe0eeb80000,0x00007fe103500000)
 ParOldGen       total 749056K, used 747611K [0x00007fca40580000, 0x00007fca6e100000, 0x00007fe0c0580000)
  object space 749056K, 99% used [0x00007fca40580000,0x00007fca6df96ec8,0x00007fca6e100000)
 PSPermGen       total 21504K, used 6540K [0x00007fca35f80000, 0x00007fca37480000, 0x00007fca40580000)
  object space 21504K, 30% used [0x00007fca35f80000,0x00007fca365e3158,0x00007fca37480000)

